clang++ -std=c++11 -Wno-deprecated-register -g lex.yy.c \
	   ../PhaethonObjWriter/AsmObjWriter.cpp \
	   ../PhaethonObjWriter/BinaryObjWriter.cpp \
	   ../PhaethonObjWriter/BinObjectWriter.cpp \
	   ../PhaethonObjWriter/BinaryWriterBase.cpp \
	   ../PhaethonISA/Generated/PhaethonOpCode.cpp \
	   PSL.tab.c \
	   ArrayTypeInfo.cpp \
	   ASTNode.cpp \
	   AddressOfNode.cpp \
	   AssignmentNode.cpp \
	   BasicTypeInfo.cpp \
	   CastNode.cpp \
	   ConstantNode.cpp \
	   ExpressionNode.cpp \
	   ExpressionResult.cpp \
	   FieldSelectionNode.cpp \
   	   FunctionCallNode.cpp \
	   FunctionDeclaratorNode.cpp \
	   FunctionInfo.cpp \
	   FunctionParameterNode.cpp \
	   IdentifierNode.cpp \
	   IfStatementNode.cpp \
	   IndexSelectionNode.cpp \
	   KnownConstantNode.cpp \
	   OffsetNode.cpp \
	   OperatorNode.cpp \
	   Operand.cpp \
	   PackByteNode.cpp \
	   PointerTypeInfo.cpp \
	   PSLCompiler.cpp \
	   PSLCompilerContext.cpp \
	   ReadPortNode.cpp \
	   RegisterCollection.cpp \
	   RegisterWrapper.cpp \
	   ReturnNode.cpp \
	   SmartRegister.cpp \
	   StructDeclarationNode.cpp \
	   StructSpecifierNode.cpp \
	   StructTypeInfo.cpp \
	   SymbolInfo.cpp \
	   SymbolTable.cpp \
	   TypeInfo.cpp \
	   TypeNode.cpp \
	   TypeCollection.cpp \
	   UnaryOperatorNode.cpp \
	   VariableDeclarationNode.cpp \
	   VariableInfo.cpp \
	   WritePortNode.cpp \
	   WhileStatementNode.cpp -o PSLcc
